<?xml version="1.0" encoding="UTF-8"?>
<!-- Generated by org.testng.reporters.JUnitReportReporter -->
<testsuite hostname="Sachin-PC" name="TestNG_Report.Google_Test" tests="1" failures="0" timestamp="13 Dec 2016 08:21:06 GMT" time="0.031" errors="0">
  <testcase name="Test" time="0.031" classname="TestNG_Report.Google_Test"/>
</testsuite> <!-- TestNG_Report.Google_Test -->
